<?xml version="1.0" encoding="UTF-8"?>
<!-- Generated by org.testng.reporters.JUnitReportReporter -->
<testsuite hostname="LAPTOP-35MR1O66" failures="0" tests="2" name="com.crm.qa.testCases.LoginTest" time="10.386" errors="0" timestamp="2022-11-16T16:31:47 EST" skipped="0">
  <testcase classname="com.crm.qa.testCases.LoginTest" name="loginPageTitleTest" time="4.704"/>
  <system-out/>
  <testcase classname="com.crm.qa.testCases.LoginTest" name="loginTest" time="5.682"/>
  <system-out/>
</testsuite> <!-- com.crm.qa.testCases.LoginTest -->
