<?xml version="1.0" encoding="UTF-8"?>
<!-- Generated by org.testng.reporters.JUnitReportReporter -->
<testsuite hostname="LAPTOP-35MR1O66" failures="0" tests="5" name="com.crm.qa.testCases.ContactPageTest" time="42.880" errors="0" timestamp="2022-11-16T16:31:47 EST" skipped="0">
  <testcase classname="com.crm.qa.testCases.ContactPageTest" name="verifyContactPageLabel" time="6.494"/>
  <system-out/>
  <testcase classname="com.crm.qa.testCases.ContactPageTest" name="verifyContactListChecked" time="6.804"/>
  <system-out/>
  <testcase classname="com.crm.qa.testCases.ContactPageTest" name="validateCreateNewContacts" time="8.704"/>
  <system-out/>
  <testcase classname="com.crm.qa.testCases.ContactPageTest" name="validateCreateNewContacts" time="12.246"/>
  <system-out/>
  <testcase classname="com.crm.qa.testCases.ContactPageTest" name="validateCreateNewContacts" time="8.632"/>
  <system-out/>
</testsuite> <!-- com.crm.qa.testCases.ContactPageTest -->
