<?xml version="1.0" encoding="UTF-8"?>
<!-- Generated by org.testng.reporters.JUnitReportReporter -->
<testsuite hostname="LAPTOP-35MR1O66" failures="0" tests="3" name="com.crm.qa.testCases.HomePageTest" time="18.595" errors="0" timestamp="2022-11-16T16:31:47 EST" skipped="0">
  <testcase classname="com.crm.qa.testCases.HomePageTest" name="verifyHomePageTitleTest" time="5.664"/>
  <system-out/>
  <testcase classname="com.crm.qa.testCases.HomePageTest" name="verifyUserNameTest" time="6.609"/>
  <system-out/>
  <testcase classname="com.crm.qa.testCases.HomePageTest" name="verifyContactLinkTest" time="6.322"/>
  <system-out/>
</testsuite> <!-- com.crm.qa.testCases.HomePageTest -->
